app/build/intermediates/manifest_merge_blame_file/debug/manifest-merger-blame-debug-report.txt
1<?xml version="1.0" encoding="utf-8"?>
2<manifest xmlns:android="http://schemas.android.com/apk/res/android"
3    package="fr.autruche.slurpsV2"
4    android:versionCode="1"
5    android:versionName="1.0" >
6
7    <uses-sdk
8        android:minSdkVersion="16"
8-->src/main/AndroidManifest.xml
9        android:targetSdkVersion="30" />
9-->src/main/AndroidManifest.xml
10
11    <uses-permission android:name="android.permission.CAMERA2" />
11-->src/main/AndroidManifest.xml:6:5-66
11-->src/main/AndroidManifest.xml:6:22-63
12    <uses-permission android:name="android.permission.READ_EXTERNAL_STORAGE" />
12-->src/main/AndroidManifest.xml:7:5-80
12-->src/main/AndroidManifest.xml:7:22-77
13    <uses-permission android:name="android.permission.WRITE_EXTERNAL_STORAGE" />
13-->src/main/AndroidManifest.xml:8:5-81
13-->src/main/AndroidManifest.xml:8:22-78
14
15    <uses-feature
15-->src/main/AndroidManifest.xml:10:5-12:35
16        android:name="android.hardware.camera2"
16-->src/main/AndroidManifest.xml:11:9-48
17        android:required="true" />
17-->src/main/AndroidManifest.xml:12:9-32
18
19    <uses-permission android:name="android.permission.ACCESS_FINE_LOCATION" /> <!-- Needed only if your app targets Android 5.0 (API level 21) or higher. -->
19-->src/main/AndroidManifest.xml:14:5-79
19-->src/main/AndroidManifest.xml:14:22-76
20    <uses-feature android:name="android.hardware.location.gps" />
20-->src/main/AndroidManifest.xml:15:5-66
20-->src/main/AndroidManifest.xml:15:19-63
21
22    <uses-permission android:name="android.permission.INTERNET" />
22-->[com.google.firebase:firebase-auth:20.0.3] AndroidManifest.xml:23:5-67
22-->[com.google.firebase:firebase-auth:20.0.3] AndroidManifest.xml:23:22-64
23    <uses-permission android:name="android.permission.ACCESS_NETWORK_STATE" />
23-->[com.google.firebase:firebase-auth:20.0.3] AndroidManifest.xml:24:5-79
23-->[com.google.firebase:firebase-auth:20.0.3] AndroidManifest.xml:24:22-76
24
25    <application
25-->src/main/AndroidManifest.xml:17:5-58:19
26        android:allowBackup="true"
26-->src/main/AndroidManifest.xml:18:9-35
27        android:appComponentFactory="androidx.core.app.CoreComponentFactory"
27-->[androidx.core:core:1.3.1] AndroidManifest.xml:24:18-86
28        android:debuggable="true"
29        android:icon="@mipmap/ic_launcher"
29-->src/main/AndroidManifest.xml:19:9-43
30        android:label="@string/app_name"
30-->src/main/AndroidManifest.xml:20:9-41
31        android:requestLegacyExternalStorage="true"
31-->src/main/AndroidManifest.xml:21:9-52
32        android:roundIcon="@mipmap/ic_launcher_round"
32-->src/main/AndroidManifest.xml:22:9-54
33        android:supportsRtl="true"
33-->src/main/AndroidManifest.xml:23:9-35
34        android:theme="@style/Theme.Slurps" >
34-->src/main/AndroidManifest.xml:24:9-44
35        <activity android:name="fr.autruche.slurpsV2.AlexGrid" />
35-->src/main/AndroidManifest.xml:25:9-55
35-->src/main/AndroidManifest.xml:25:19-43
36        <activity android:name="fr.autruche.slurpsV2.RejoindrePartie" />
36-->src/main/AndroidManifest.xml:26:9-53
36-->src/main/AndroidManifest.xml:26:19-50
37        <activity android:name="fr.autruche.slurpsV2.JoinOrCreate" />
37-->src/main/AndroidManifest.xml:27:9-50
37-->src/main/AndroidManifest.xml:27:19-47
38        <activity android:name="fr.autruche.slurpsV2.CreationPartie" />
38-->src/main/AndroidManifest.xml:28:9-52
38-->src/main/AndroidManifest.xml:28:19-49
39        <activity android:name="fr.autruche.slurpsV2.Photo" />
39-->src/main/AndroidManifest.xml:29:9-43
39-->src/main/AndroidManifest.xml:29:19-40
40        <activity
40-->src/main/AndroidManifest.xml:30:9-32:52
41            android:name="fr.autruche.slurpsV2.PasswdForgot"
41-->src/main/AndroidManifest.xml:31:13-41
42            android:screenOrientation="portrait" />
42-->src/main/AndroidManifest.xml:32:13-49
43        <activity
43-->src/main/AndroidManifest.xml:33:9-35:52
44            android:name="fr.autruche.slurpsV2.Register"
44-->src/main/AndroidManifest.xml:34:13-37
45            android:screenOrientation="portrait" />
45-->src/main/AndroidManifest.xml:35:13-49
46        <activity
46-->src/main/AndroidManifest.xml:36:9-44:20
47            android:name="fr.autruche.slurpsV2.Accueil"
47-->src/main/AndroidManifest.xml:37:13-36
48            android:screenOrientation="portrait" >
48-->src/main/AndroidManifest.xml:38:13-49
49            <intent-filter>
49-->src/main/AndroidManifest.xml:39:13-43:29
50                <action android:name="android.intent.action.MAIN" />
50-->src/main/AndroidManifest.xml:40:17-69
50-->src/main/AndroidManifest.xml:40:25-66
51
52                <category android:name="android.intent.category.LAUNCHER" />
52-->src/main/AndroidManifest.xml:42:17-77
52-->src/main/AndroidManifest.xml:42:27-74
53            </intent-filter>
54        </activity>
55        <activity
55-->src/main/AndroidManifest.xml:45:9-53:20
56            android:name="fr.autruche.slurpsV2.SignIn"
56-->src/main/AndroidManifest.xml:46:13-35
57            android:screenOrientation="portrait" >
57-->src/main/AndroidManifest.xml:47:13-49
58            <intent-filter>
58-->src/main/AndroidManifest.xml:39:13-43:29
59                <action android:name="android.intent.action.MAIN" />
59-->src/main/AndroidManifest.xml:40:17-69
59-->src/main/AndroidManifest.xml:40:25-66
60
61                <category android:name="android.intent.category.LAUNCHER" />
61-->src/main/AndroidManifest.xml:42:17-77
61-->src/main/AndroidManifest.xml:42:27-74
62            </intent-filter>
63        </activity>
64
65        <meta-data
65-->src/main/AndroidManifest.xml:55:9-57:57
66            android:name="preloaded_fonts"
66-->src/main/AndroidManifest.xml:56:13-43
67            android:resource="@array/preloaded_fonts" />
67-->src/main/AndroidManifest.xml:57:13-54
68
69        <activity
69-->[com.google.firebase:firebase-auth:20.0.3] AndroidManifest.xml:27:9-44:20
70            android:name="com.google.firebase.auth.internal.GenericIdpActivity"
70-->[com.google.firebase:firebase-auth:20.0.3] AndroidManifest.xml:28:13-80
71            android:excludeFromRecents="true"
71-->[com.google.firebase:firebase-auth:20.0.3] AndroidManifest.xml:29:13-46
72            android:exported="true"
72-->[com.google.firebase:firebase-auth:20.0.3] AndroidManifest.xml:30:13-36
73            android:launchMode="singleTask"
73-->[com.google.firebase:firebase-auth:20.0.3] AndroidManifest.xml:31:13-44
74            android:theme="@android:style/Theme.Translucent.NoTitleBar" >
74-->[com.google.firebase:firebase-auth:20.0.3] AndroidManifest.xml:32:13-72
75            <intent-filter>
75-->[com.google.firebase:firebase-auth:20.0.3] AndroidManifest.xml:33:13-43:29
76                <action android:name="android.intent.action.VIEW" />
76-->[com.google.firebase:firebase-auth:20.0.3] AndroidManifest.xml:34:17-69
76-->[com.google.firebase:firebase-auth:20.0.3] AndroidManifest.xml:34:25-66
77
78                <category android:name="android.intent.category.DEFAULT" />
78-->[com.google.firebase:firebase-auth:20.0.3] AndroidManifest.xml:36:17-76
78-->[com.google.firebase:firebase-auth:20.0.3] AndroidManifest.xml:36:27-73
79                <category android:name="android.intent.category.BROWSABLE" />
79-->[com.google.firebase:firebase-auth:20.0.3] AndroidManifest.xml:37:17-78
79-->[com.google.firebase:firebase-auth:20.0.3] AndroidManifest.xml:37:27-75
80
81                <data
81-->[com.google.firebase:firebase-auth:20.0.3] AndroidManifest.xml:39:17-42:51
82                    android:host="firebase.auth"
82-->[com.google.firebase:firebase-auth:20.0.3] AndroidManifest.xml:40:21-49
83                    android:path="/"
83-->[com.google.firebase:firebase-auth:20.0.3] AndroidManifest.xml:41:21-37
84                    android:scheme="genericidp" />
84-->[com.google.firebase:firebase-auth:20.0.3] AndroidManifest.xml:42:21-48
85            </intent-filter>
86        </activity>
87        <activity
87-->[com.google.firebase:firebase-auth:20.0.3] AndroidManifest.xml:45:9-62:20
88            android:name="com.google.firebase.auth.internal.RecaptchaActivity"
88-->[com.google.firebase:firebase-auth:20.0.3] AndroidManifest.xml:46:13-79
89            android:excludeFromRecents="true"
89-->[com.google.firebase:firebase-auth:20.0.3] AndroidManifest.xml:47:13-46
90            android:exported="true"
90-->[com.google.firebase:firebase-auth:20.0.3] AndroidManifest.xml:48:13-36
91            android:launchMode="singleTask"
91-->[com.google.firebase:firebase-auth:20.0.3] AndroidManifest.xml:49:13-44
92            android:theme="@android:style/Theme.Translucent.NoTitleBar" >
92-->[com.google.firebase:firebase-auth:20.0.3] AndroidManifest.xml:50:13-72
93            <intent-filter>
93-->[com.google.firebase:firebase-auth:20.0.3] AndroidManifest.xml:51:13-61:29
94                <action android:name="android.intent.action.VIEW" />
94-->[com.google.firebase:firebase-auth:20.0.3] AndroidManifest.xml:34:17-69
94-->[com.google.firebase:firebase-auth:20.0.3] AndroidManifest.xml:34:25-66
95
96                <category android:name="android.intent.category.DEFAULT" />
96-->[com.google.firebase:firebase-auth:20.0.3] AndroidManifest.xml:36:17-76
96-->[com.google.firebase:firebase-auth:20.0.3] AndroidManifest.xml:36:27-73
97                <category android:name="android.intent.category.BROWSABLE" />
97-->[com.google.firebase:firebase-auth:20.0.3] AndroidManifest.xml:37:17-78
97-->[com.google.firebase:firebase-auth:20.0.3] AndroidManifest.xml:37:27-75
98
99                <data
99-->[com.google.firebase:firebase-auth:20.0.3] AndroidManifest.xml:39:17-42:51
100                    android:host="firebase.auth"
100-->[com.google.firebase:firebase-auth:20.0.3] AndroidManifest.xml:40:21-49
101                    android:path="/"
101-->[com.google.firebase:firebase-auth:20.0.3] AndroidManifest.xml:41:21-37
102                    android:scheme="recaptcha" />
102-->[com.google.firebase:firebase-auth:20.0.3] AndroidManifest.xml:42:21-48
103            </intent-filter>
104        </activity>
105
106        <service
106-->[com.google.firebase:firebase-auth:20.0.3] AndroidManifest.xml:64:9-73:19
107            android:name="com.google.firebase.auth.api.fallback.service.FirebaseAuthFallbackService"
107-->[com.google.firebase:firebase-auth:20.0.3] AndroidManifest.xml:65:13-101
108            android:enabled="true"
108-->[com.google.firebase:firebase-auth:20.0.3] AndroidManifest.xml:66:13-35
109            android:exported="false" >
109-->[com.google.firebase:firebase-auth:20.0.3] AndroidManifest.xml:67:13-37
110            <intent-filter>
110-->[com.google.firebase:firebase-auth:20.0.3] AndroidManifest.xml:68:13-72:29
111                <action android:name="com.google.firebase.auth.api.gms.service.START" />
111-->[com.google.firebase:firebase-auth:20.0.3] AndroidManifest.xml:69:17-89
111-->[com.google.firebase:firebase-auth:20.0.3] AndroidManifest.xml:69:25-86
112
113                <category android:name="android.intent.category.DEFAULT" />
113-->[com.google.firebase:firebase-auth:20.0.3] AndroidManifest.xml:36:17-76
113-->[com.google.firebase:firebase-auth:20.0.3] AndroidManifest.xml:36:27-73
114            </intent-filter>
115        </service>
116        <service
116-->[com.google.firebase:firebase-auth:20.0.3] AndroidManifest.xml:74:9-80:19
117            android:name="com.google.firebase.components.ComponentDiscoveryService"
117-->[com.google.firebase:firebase-auth:20.0.3] AndroidManifest.xml:75:13-84
118            android:directBootAware="true"
118-->[com.google.firebase:firebase-common:19.5.0] AndroidManifest.xml:35:13-43
119            android:exported="false" >
119-->[com.google.firebase:firebase-auth:20.0.3] AndroidManifest.xml:76:13-37
120            <meta-data
120-->[com.google.firebase:firebase-auth:20.0.3] AndroidManifest.xml:77:13-79:85
121                android:name="com.google.firebase.components:com.google.firebase.auth.FirebaseAuthRegistrar"
121-->[com.google.firebase:firebase-auth:20.0.3] AndroidManifest.xml:78:17-109
122                android:value="com.google.firebase.components.ComponentRegistrar" />
122-->[com.google.firebase:firebase-auth:20.0.3] AndroidManifest.xml:79:17-82
123            <meta-data
123-->[com.google.firebase:firebase-database:19.7.0] AndroidManifest.xml:32:13-34:85
124                android:name="com.google.firebase.components:com.google.firebase.database.DatabaseRegistrar"
124-->[com.google.firebase:firebase-database:19.7.0] AndroidManifest.xml:33:17-109
125                android:value="com.google.firebase.components.ComponentRegistrar" />
125-->[com.google.firebase:firebase-database:19.7.0] AndroidManifest.xml:34:17-82
126            <meta-data
126-->[com.google.firebase:firebase-storage:19.2.2] AndroidManifest.xml:33:13-35:85
127                android:name="com.google.firebase.components:com.google.firebase.storage.StorageRegistrar"
127-->[com.google.firebase:firebase-storage:19.2.2] AndroidManifest.xml:34:17-107
128                android:value="com.google.firebase.components.ComponentRegistrar" />
128-->[com.google.firebase:firebase-storage:19.2.2] AndroidManifest.xml:35:17-82
129            <!--
130                This registrar is not defined in the dynamic-module-support sdk itself to allow non-firebase
131                clients to use it as well, by defining this registrar in their own core/common library.
132            -->
133            <meta-data
133-->[com.google.firebase:firebase-common:19.5.0] AndroidManifest.xml:43:13-45:85
134                android:name="com.google.firebase.components:com.google.firebase.dynamicloading.DynamicLoadingRegistrar"
134-->[com.google.firebase:firebase-common:19.5.0] AndroidManifest.xml:44:17-121
135                android:value="com.google.firebase.components.ComponentRegistrar" />
135-->[com.google.firebase:firebase-common:19.5.0] AndroidManifest.xml:45:17-82
136        </service>
137
138        <activity
138-->[com.google.android.gms:play-services-base:17.1.0] AndroidManifest.xml:23:9-26:75
139            android:name="com.google.android.gms.common.api.GoogleApiActivity"
139-->[com.google.android.gms:play-services-base:17.1.0] AndroidManifest.xml:24:13-79
140            android:exported="false"
140-->[com.google.android.gms:play-services-base:17.1.0] AndroidManifest.xml:25:13-37
141            android:theme="@android:style/Theme.Translucent.NoTitleBar" />
141-->[com.google.android.gms:play-services-base:17.1.0] AndroidManifest.xml:26:13-72
142
143        <provider
143-->[com.google.firebase:firebase-common:19.5.0] AndroidManifest.xml:26:9-31:39
144            android:name="com.google.firebase.provider.FirebaseInitProvider"
144-->[com.google.firebase:firebase-common:19.5.0] AndroidManifest.xml:27:13-77
145            android:authorities="fr.autruche.slurpsV2.firebaseinitprovider"
145-->[com.google.firebase:firebase-common:19.5.0] AndroidManifest.xml:28:13-72
146            android:directBootAware="true"
146-->[com.google.firebase:firebase-common:19.5.0] AndroidManifest.xml:29:13-43
147            android:exported="false"
147-->[com.google.firebase:firebase-common:19.5.0] AndroidManifest.xml:30:13-37
148            android:initOrder="100" />
148-->[com.google.firebase:firebase-common:19.5.0] AndroidManifest.xml:31:13-36
149
150        <meta-data
150-->[com.google.android.gms:play-services-basement:17.1.0] AndroidManifest.xml:23:9-25:69
151            android:name="com.google.android.gms.version"
151-->[com.google.android.gms:play-services-basement:17.1.0] AndroidManifest.xml:24:13-58
152            android:value="@integer/google_play_services_version" />
152-->[com.google.android.gms:play-services-basement:17.1.0] AndroidManifest.xml:25:13-66
153    </application>
154
155</manifest>